GROUP,PACKAGE,CLASS,INSTRUCTION_MISSED,INSTRUCTION_COVERED,BRANCH_MISSED,BRANCH_COVERED,LINE_MISSED,LINE_COVERED,COMPLEXITY_MISSED,COMPLEXITY_COVERED,METHOD_MISSED,METHOD_COVERED
server,hello,FriendshipController,186,0,16,0,51,0,17,0,9,0
server,hello,GreetingController,271,0,16,0,73,0,25,0,17,0
server,hello,Activity,0,108,2,6,0,42,2,21,0,17
server,hello,Friendship,0,36,0,0,0,14,0,8,0,8
server,hello,User,0,107,0,0,0,33,0,17,0,17
server,hello,Application,8,0,0,0,3,0,2,0,2,0
server,hello,FriendRequest,6,40,0,0,1,17,1,9,1,9
server,hello,Statistics,7,51,0,0,3,15,2,11,2,11
